<?xml version="1.0" encoding="UTF-8"?>
<testExecutions version="1">
  <file path="/Users/rpinheir/Projects/personal/event_source/aws-event-stream/test/integration/dynamodb-provider.spec.ts">
    <testCase name="EventStory Dynamodb Provider (Integration) should be able to get event list from the event stream" duration="194"/>
    <testCase name="EventStory Dynamodb Provider (Integration) should be able to add an event to the event stream" duration="147"/>
  </file>
</testExecutions>