<?xml version="1.0" encoding="UTF-8"?>
<testExecutions version="1">
  <file path="/Users/rpinheir/Projects/personal/event_source/aws-event-stream/test/unit/dynamodb/schema.ts">
    <testCase name="Schema should create table with read and write default capacity" duration="4"/>
    <testCase name="Schema should create table" duration="2"/>
    <testCase name="Schema should not create table" duration="1"/>
  </file>
  <file path="/Users/rpinheir/Projects/personal/event_source/aws-event-stream/test/unit/provider/memory-provider.spec.ts">
    <testCase name="EventStory Memory Provider should be able to add an event to the EventStream" duration="3"/>
    <testCase name="EventStory Memory Provider should be able to read events from the EventStream" duration="2"/>
    <testCase name="EventStory Memory Provider should be able to get event ranged list from the event stream" duration="12"/>
    <testCase name="EventStory Memory Provider should be able to get aggregations from the event stream" duration="1"/>
    <testCase name="EventStory Memory Provider should be able to get streams from the event stream" duration="1"/>
    <testCase name="EventStory Memory Provider should be able to get ranged aggregations from the event stream" duration="2"/>
    <testCase name="EventStory Memory Provider should be able to get ranged aggregations from the event stream" duration="1"/>
    <testCase name="EventStory Memory Provider should return an empty list of aggregations when there is no aggregation" duration="2"/>
    <testCase name="EventStory Memory Provider should return an empty list of streams when there is no aggregation" duration="8"/>
  </file>
  <file path="/Users/rpinheir/Projects/personal/event_source/aws-event-stream/test/unit/publisher/sqs-publisher.spec.ts">
    <testCase name="EventStory SQS Publisher should be able to publish events to sqs" duration="5"/>
    <testCase name="EventStory SQS Publisher should not be able to publish events to sqs when an no messageId is returned" duration="1"/>
    <testCase name="EventStory SQS Publisher should not be able to publish events to sqs when an error happened" duration="2"/>
  </file>
  <file path="/Users/rpinheir/Projects/personal/event_source/aws-event-stream/test/unit/provider/dynamodb-provider.spec.ts">
    <testCase name="EventStory Dynamodb Provider should be able to add an Event to the Event Stream" duration="4"/>
    <testCase name="EventStory Dynamodb Provider should be able to get the all the events" duration="1"/>
    <testCase name="EventStory Dynamodb Provider should be able to get events paginated" duration="2"/>
    <testCase name="EventStory Dynamodb Provider should be able to get events paginated elements from second page" duration="2"/>
    <testCase name="EventStory Dynamodb Provider should be able to add an Event when table does not exist" duration="1"/>
    <testCase name="EventStory Dynamodb Provider should be able to ask dynamodb the all the events when table does not exist" duration="1"/>
  </file>
  <file path="/Users/rpinheir/Projects/personal/event_source/aws-event-stream/test/unit/publisher/memory-publisher.spec.ts">
    <testCase name="EventStory Memory Publisher should be able to publish messages to listeners" duration="3"/>
    <testCase name="EventStory Memory Publisher should be able to notify multiple listeners" duration="0"/>
    <testCase name="EventStory Memory Publisher should be able to check if a message was published" duration="1"/>
  </file>
  <file path="/Users/rpinheir/Projects/personal/event_source/aws-event-stream/test/unit/event-store.spec.ts">
    <testCase name="EventStory should be able to add an event to the EventStream" duration="3"/>
    <testCase name="EventStory should be able to get the aggregations list" duration="2"/>
    <testCase name="EventStory should raise an Error if no persistence provider is set" duration="3"/>
    <testCase name="EventStory should raise an Error if subscribe is called without a valid publisher" duration="1"/>
    <testCase name="EventStory should be able to listen to EventStream changes" duration="0"/>
    <testCase name="EventStory should be able to unsubscribe from EventStore changes channel" duration="156"/>
  </file>
</testExecutions>